[2026-03-16 15:16:44] INFO: Server running on port 3000
[2026-03-16 15:19:47] INFO: New user registered: francies@gmail.com (ID: 69b7d23b2d26ffdb99588440)
[2026-03-16 15:20:02] INFO: User logged in: francies@gmail.com
[2026-03-16 15:22:17] INFO: Server running on port 3000
[2026-03-16 15:22:23] INFO: Server running on port 3000
[2026-03-16 15:22:24] INFO: Server running on port 3000
[2026-03-16 15:22:43] INFO: Server running on port 3000
[2026-03-16 15:22:52] INFO: Server running on port 3000
[2026-03-16 15:23:03] INFO: Server running on port 3000
[2026-03-16 15:23:18] INFO: Server running on port 3000
[2026-03-16 15:23:42] INFO: Server running on port 3000
[2026-03-16 15:26:07] INFO: Fetched 2 users
[2026-03-16 15:26:34] INFO: Cache SET: subscription:69b7d3d2492d04690945cd18 (expires in 3600s)
[2026-03-16 15:26:34] INFO: Cache DELETE: subscriptions:all
[2026-03-16 15:26:34] INFO: Subscription created: Plan=premium, User=69b7d23b2d26ffdb99588440, Expiry=Tue Mar 17 2026 05:30:00 GMT+0530 (India Standard Time)
[2026-03-16 15:27:17] INFO: Cache MISS: subscriptions:all
[2026-03-16 15:27:18] INFO: Cache SET: subscriptions:all (expires in 1800s)
[2026-03-16 15:27:18] INFO: Fetched 2 subscriptions from database
[2026-03-16 15:28:50] INFO: Cache SET: subscription:69b7d45a492d04690945cd20 (expires in 3600s)
[2026-03-16 15:28:50] INFO: Cache DELETE: subscriptions:all
[2026-03-16 15:28:50] INFO: Subscription created: Plan=premium, User=69b7d23b2d26ffdb99588440, Expiry=Fri Mar 20 2026 05:30:00 GMT+0530 (India Standard Time)
[2026-03-16 15:28:54] INFO: Cache MISS: subscriptions:all
[2026-03-16 15:28:54] INFO: Cache SET: subscriptions:all (expires in 1800s)
[2026-03-16 15:28:54] INFO: Fetched 3 subscriptions from database
[2026-03-16 15:30:30] INFO: Server running on port 3000
[2026-03-16 15:30:59] INFO: Server running on port 3000
[2026-03-16 15:32:51] INFO: Server running on port 3000
[2026-03-16 15:33:44] INFO: Server running on port 3000
[2026-03-16 15:34:53] INFO: Server running on port 3000
[2026-03-16 15:37:27] INFO: Cache MISS: subscriptions:all
[2026-03-16 15:37:28] INFO: Cache SET: subscriptions:all (expires in 1800s)
[2026-03-16 15:37:28] INFO: Fetched 3 subscriptions from database
[2026-03-16 15:42:21] INFO: Server running on port 3000
[2026-03-16 15:45:45] INFO: Server running on port 3000
[2026-03-16 15:45:52] INFO: Server running on port 3000
[2026-03-16 15:46:01] INFO: Server running on port 3000
[2026-03-16 15:46:20] INFO: Server running on port 3000
[2026-03-16 15:49:19] INFO: Server running on port 3000
[2026-03-16 15:50:55] INFO: Payment created: PaymentID=PAY-1773656455417-1c5rakvk0, Amount=500, User=69b7cb4d2bfd409a63e21107
[2026-03-16 15:52:06] INFO: Server running on port 3000
[2026-03-16 15:52:46] INFO: Server running on port 3000
[2026-03-16 15:52:56] INFO: Server running on port 3000
[2026-03-16 15:53:29] INFO: Server running on port 3000
[2026-03-16 15:56:26] INFO: Server running on port 3000
[2026-03-16 15:56:34] INFO: Payment created: PaymentID=PAY-1773656794598-edgsb4c8e, Amount=1000, User=69b7cb4d2bfd409a63e21107
[2026-03-16 16:02:28] INFO: Server running on port 3000
[2026-03-16 16:02:36] INFO: Server running on port 3000
